Dec 12, 2023 4:13:59 PM edu.yu.cs.com3800.stage4.RoundRobinLeader <init>
INFO: in the constructor
Dec 12, 2023 4:14:17 PM edu.yu.cs.com3800.UDPMessageSender run
SEVERE: Exiting UDPMessageSender.run()
Dec 12, 2023 4:14:17 PM edu.yu.cs.com3800.UDPMessageSender run
SEVERE: Exiting UDPMessageSender.run()
Dec 12, 2023 4:14:17 PM edu.yu.cs.com3800.UDPMessageSender run
SEVERE: Exiting UDPMessageSender.run()
Dec 12, 2023 4:14:17 PM edu.yu.cs.com3800.UDPMessageSender run
SEVERE: Exiting UDPMessageSender.run()
Dec 12, 2023 4:14:17 PM edu.yu.cs.com3800.UDPMessageSender run
SEVERE: Exiting UDPMessageSender.run()
Dec 12, 2023 4:14:17 PM edu.yu.cs.com3800.UDPMessageSender run
SEVERE: Exiting UDPMessageSender.run()
Dec 12, 2023 4:14:17 PM edu.yu.cs.com3800.UDPMessageSender run
SEVERE: Exiting UDPMessageSender.run()
Dec 12, 2023 4:14:17 PM edu.yu.cs.com3800.UDPMessageSender run
SEVERE: Exiting UDPMessageSender.run()
Dec 12, 2023 4:14:17 PM edu.yu.cs.com3800.UDPMessageReceiver run
SEVERE: Exiting UDPMessageReceiver.run()
Dec 12, 2023 4:14:17 PM edu.yu.cs.com3800.UDPMessageReceiver run
SEVERE: Exiting UDPMessageReceiver.run()
Dec 12, 2023 4:14:17 PM edu.yu.cs.com3800.UDPMessageReceiver run
SEVERE: Exiting UDPMessageReceiver.run()
Dec 12, 2023 4:14:17 PM edu.yu.cs.com3800.UDPMessageReceiver run
SEVERE: Exiting UDPMessageReceiver.run()
Dec 12, 2023 4:14:17 PM edu.yu.cs.com3800.UDPMessageReceiver run
SEVERE: Exiting UDPMessageReceiver.run()
Dec 12, 2023 4:14:17 PM edu.yu.cs.com3800.UDPMessageReceiver run
SEVERE: Exiting UDPMessageReceiver.run()
Dec 12, 2023 4:14:17 PM edu.yu.cs.com3800.UDPMessageReceiver run
SEVERE: Exiting UDPMessageReceiver.run()
Dec 12, 2023 4:14:17 PM edu.yu.cs.com3800.UDPMessageReceiver run
SEVERE: Exiting UDPMessageReceiver.run()
Dec 12, 2023 4:27:00 PM edu.yu.cs.com3800.stage4.RoundRobinLeader <init>
INFO: in the constructor
Dec 12, 2023 4:27:18 PM edu.yu.cs.com3800.stage4.RoundRobinLeader <init>
INFO: in the constructor
Dec 12, 2023 4:27:30 PM edu.yu.cs.com3800.stage4.RoundRobinLeader <init>
INFO: in the constructor
Dec 12, 2023 4:27:49 PM edu.yu.cs.com3800.UDPMessageSender run
SEVERE: Exiting UDPMessageSender.run()
Dec 12, 2023 4:27:49 PM edu.yu.cs.com3800.UDPMessageSender run
SEVERE: Exiting UDPMessageSender.run()
Dec 12, 2023 4:27:49 PM edu.yu.cs.com3800.UDPMessageSender run
SEVERE: Exiting UDPMessageSender.run()
Dec 12, 2023 4:27:49 PM edu.yu.cs.com3800.UDPMessageSender run
SEVERE: Exiting UDPMessageSender.run()
Dec 12, 2023 4:27:49 PM edu.yu.cs.com3800.UDPMessageSender run
SEVERE: Exiting UDPMessageSender.run()
Dec 12, 2023 4:27:49 PM edu.yu.cs.com3800.UDPMessageSender run
SEVERE: Exiting UDPMessageSender.run()
Dec 12, 2023 4:27:49 PM edu.yu.cs.com3800.UDPMessageSender run
SEVERE: Exiting UDPMessageSender.run()
Dec 12, 2023 4:27:49 PM edu.yu.cs.com3800.UDPMessageSender run
SEVERE: Exiting UDPMessageSender.run()
Dec 12, 2023 4:27:52 PM edu.yu.cs.com3800.UDPMessageReceiver run
SEVERE: Exiting UDPMessageReceiver.run()
Dec 12, 2023 4:27:52 PM edu.yu.cs.com3800.UDPMessageReceiver run
SEVERE: Exiting UDPMessageReceiver.run()
Dec 12, 2023 4:27:52 PM edu.yu.cs.com3800.UDPMessageReceiver run
SEVERE: Exiting UDPMessageReceiver.run()
Dec 12, 2023 4:27:52 PM edu.yu.cs.com3800.UDPMessageReceiver run
SEVERE: Exiting UDPMessageReceiver.run()
Dec 12, 2023 4:27:52 PM edu.yu.cs.com3800.UDPMessageReceiver run
SEVERE: Exiting UDPMessageReceiver.run()
Dec 12, 2023 4:27:52 PM edu.yu.cs.com3800.UDPMessageReceiver run
SEVERE: Exiting UDPMessageReceiver.run()
Dec 12, 2023 4:27:52 PM edu.yu.cs.com3800.UDPMessageReceiver run
SEVERE: Exiting UDPMessageReceiver.run()
Dec 12, 2023 4:27:52 PM edu.yu.cs.com3800.UDPMessageReceiver run
SEVERE: Exiting UDPMessageReceiver.run()
