Dec 12, 2023 3:48:13 PM edu.yu.cs.com3800.UDPMessageSender run
SEVERE: Exiting UDPMessageSender.run()
Dec 12, 2023 3:48:13 PM edu.yu.cs.com3800.UDPMessageSender run
SEVERE: Exiting UDPMessageSender.run()
Dec 12, 2023 3:48:13 PM edu.yu.cs.com3800.UDPMessageSender run
SEVERE: Exiting UDPMessageSender.run()
Dec 12, 2023 3:48:13 PM edu.yu.cs.com3800.UDPMessageSender run
SEVERE: Exiting UDPMessageSender.run()
Dec 12, 2023 3:48:13 PM edu.yu.cs.com3800.UDPMessageSender run
SEVERE: Exiting UDPMessageSender.run()
Dec 12, 2023 3:48:13 PM edu.yu.cs.com3800.UDPMessageSender run
SEVERE: Exiting UDPMessageSender.run()
Dec 12, 2023 3:48:13 PM edu.yu.cs.com3800.UDPMessageSender run
SEVERE: Exiting UDPMessageSender.run()
Dec 12, 2023 3:48:13 PM edu.yu.cs.com3800.UDPMessageSender run
SEVERE: Exiting UDPMessageSender.run()
Dec 12, 2023 3:48:16 PM edu.yu.cs.com3800.UDPMessageReceiver run
SEVERE: Exiting UDPMessageReceiver.run()
Dec 12, 2023 3:48:16 PM edu.yu.cs.com3800.UDPMessageReceiver run
SEVERE: Exiting UDPMessageReceiver.run()
Dec 12, 2023 3:48:16 PM edu.yu.cs.com3800.UDPMessageReceiver run
SEVERE: Exiting UDPMessageReceiver.run()
Dec 12, 2023 3:48:16 PM edu.yu.cs.com3800.UDPMessageReceiver run
SEVERE: Exiting UDPMessageReceiver.run()
Dec 12, 2023 3:48:16 PM edu.yu.cs.com3800.UDPMessageReceiver run
SEVERE: Exiting UDPMessageReceiver.run()
Dec 12, 2023 3:48:16 PM edu.yu.cs.com3800.UDPMessageReceiver run
SEVERE: Exiting UDPMessageReceiver.run()
Dec 12, 2023 3:48:16 PM edu.yu.cs.com3800.UDPMessageReceiver run
SEVERE: Exiting UDPMessageReceiver.run()
Dec 12, 2023 3:48:16 PM edu.yu.cs.com3800.UDPMessageReceiver run
SEVERE: Exiting UDPMessageReceiver.run()
Dec 12, 2023 3:49:53 PM edu.yu.cs.com3800.stage4.RoundRobinLeader <init>
INFO: in the constructor
Dec 12, 2023 3:50:11 PM edu.yu.cs.com3800.stage4.RoundRobinLeader <init>
INFO: in the constructor
Dec 12, 2023 3:50:30 PM edu.yu.cs.com3800.UDPMessageSender run
SEVERE: Exiting UDPMessageSender.run()
Dec 12, 2023 3:50:30 PM edu.yu.cs.com3800.UDPMessageSender run
SEVERE: Exiting UDPMessageSender.run()
Dec 12, 2023 3:50:30 PM edu.yu.cs.com3800.UDPMessageSender run
SEVERE: Exiting UDPMessageSender.run()
Dec 12, 2023 3:50:30 PM edu.yu.cs.com3800.UDPMessageSender run
SEVERE: Exiting UDPMessageSender.run()
Dec 12, 2023 3:50:30 PM edu.yu.cs.com3800.UDPMessageSender run
SEVERE: Exiting UDPMessageSender.run()
Dec 12, 2023 3:50:30 PM edu.yu.cs.com3800.UDPMessageSender run
SEVERE: Exiting UDPMessageSender.run()
Dec 12, 2023 3:50:30 PM edu.yu.cs.com3800.UDPMessageSender run
SEVERE: Exiting UDPMessageSender.run()
Dec 12, 2023 3:50:30 PM edu.yu.cs.com3800.UDPMessageSender run
SEVERE: Exiting UDPMessageSender.run()
Dec 12, 2023 3:50:32 PM edu.yu.cs.com3800.UDPMessageReceiver run
SEVERE: Exiting UDPMessageReceiver.run()
Dec 12, 2023 3:50:32 PM edu.yu.cs.com3800.UDPMessageReceiver run
SEVERE: Exiting UDPMessageReceiver.run()
Dec 12, 2023 3:50:32 PM edu.yu.cs.com3800.UDPMessageReceiver run
SEVERE: Exiting UDPMessageReceiver.run()
Dec 12, 2023 3:50:32 PM edu.yu.cs.com3800.UDPMessageReceiver run
SEVERE: Exiting UDPMessageReceiver.run()
Dec 12, 2023 3:50:32 PM edu.yu.cs.com3800.UDPMessageReceiver run
SEVERE: Exiting UDPMessageReceiver.run()
Dec 12, 2023 3:50:32 PM edu.yu.cs.com3800.UDPMessageReceiver run
SEVERE: Exiting UDPMessageReceiver.run()
Dec 12, 2023 3:50:32 PM edu.yu.cs.com3800.UDPMessageReceiver run
SEVERE: Exiting UDPMessageReceiver.run()
Dec 12, 2023 3:50:32 PM edu.yu.cs.com3800.UDPMessageReceiver run
SEVERE: Exiting UDPMessageReceiver.run()
Dec 12, 2023 3:53:29 PM edu.yu.cs.com3800.stage4.RoundRobinLeader <init>
INFO: in the constructor
Dec 12, 2023 3:53:47 PM edu.yu.cs.com3800.UDPMessageSender run
SEVERE: Exiting UDPMessageSender.run()
Dec 12, 2023 3:53:47 PM edu.yu.cs.com3800.UDPMessageSender run
SEVERE: Exiting UDPMessageSender.run()
Dec 12, 2023 3:53:47 PM edu.yu.cs.com3800.UDPMessageSender run
SEVERE: Exiting UDPMessageSender.run()
Dec 12, 2023 3:53:47 PM edu.yu.cs.com3800.UDPMessageSender run
SEVERE: Exiting UDPMessageSender.run()
Dec 12, 2023 3:53:47 PM edu.yu.cs.com3800.UDPMessageSender run
SEVERE: Exiting UDPMessageSender.run()
Dec 12, 2023 3:53:47 PM edu.yu.cs.com3800.UDPMessageSender run
SEVERE: Exiting UDPMessageSender.run()
Dec 12, 2023 3:53:47 PM edu.yu.cs.com3800.UDPMessageSender run
SEVERE: Exiting UDPMessageSender.run()
Dec 12, 2023 3:53:47 PM edu.yu.cs.com3800.UDPMessageSender run
SEVERE: Exiting UDPMessageSender.run()
Dec 12, 2023 3:53:47 PM edu.yu.cs.com3800.UDPMessageReceiver run
SEVERE: Exiting UDPMessageReceiver.run()
Dec 12, 2023 3:53:47 PM edu.yu.cs.com3800.UDPMessageReceiver run
SEVERE: Exiting UDPMessageReceiver.run()
Dec 12, 2023 3:53:47 PM edu.yu.cs.com3800.UDPMessageReceiver run
SEVERE: Exiting UDPMessageReceiver.run()
Dec 12, 2023 3:53:47 PM edu.yu.cs.com3800.UDPMessageReceiver run
SEVERE: Exiting UDPMessageReceiver.run()
Dec 12, 2023 3:53:47 PM edu.yu.cs.com3800.UDPMessageReceiver run
SEVERE: Exiting UDPMessageReceiver.run()
Dec 12, 2023 3:53:47 PM edu.yu.cs.com3800.UDPMessageReceiver run
SEVERE: Exiting UDPMessageReceiver.run()
Dec 12, 2023 3:53:47 PM edu.yu.cs.com3800.UDPMessageReceiver run
SEVERE: Exiting UDPMessageReceiver.run()
Dec 12, 2023 3:53:47 PM edu.yu.cs.com3800.UDPMessageReceiver run
SEVERE: Exiting UDPMessageReceiver.run()
Dec 12, 2023 4:00:49 PM edu.yu.cs.com3800.stage4.RoundRobinLeader <init>
INFO: in the constructor
Dec 12, 2023 4:01:07 PM edu.yu.cs.com3800.stage4.RoundRobinLeader <init>
INFO: in the constructor
Dec 12, 2023 4:01:22 PM edu.yu.cs.com3800.stage4.RoundRobinLeader <init>
INFO: in the constructor
Dec 12, 2023 4:01:40 PM edu.yu.cs.com3800.UDPMessageSender run
SEVERE: Exiting UDPMessageSender.run()
Dec 12, 2023 4:01:40 PM edu.yu.cs.com3800.UDPMessageSender run
SEVERE: Exiting UDPMessageSender.run()
Dec 12, 2023 4:01:40 PM edu.yu.cs.com3800.UDPMessageSender run
SEVERE: Exiting UDPMessageSender.run()
Dec 12, 2023 4:01:40 PM edu.yu.cs.com3800.UDPMessageSender run
SEVERE: Exiting UDPMessageSender.run()
Dec 12, 2023 4:01:40 PM edu.yu.cs.com3800.UDPMessageSender run
SEVERE: Exiting UDPMessageSender.run()
Dec 12, 2023 4:01:40 PM edu.yu.cs.com3800.UDPMessageSender run
SEVERE: Exiting UDPMessageSender.run()
Dec 12, 2023 4:01:40 PM edu.yu.cs.com3800.UDPMessageSender run
SEVERE: Exiting UDPMessageSender.run()
Dec 12, 2023 4:01:40 PM edu.yu.cs.com3800.UDPMessageSender run
SEVERE: Exiting UDPMessageSender.run()
Dec 12, 2023 4:01:40 PM edu.yu.cs.com3800.UDPMessageReceiver run
SEVERE: Exiting UDPMessageReceiver.run()
Dec 12, 2023 4:01:40 PM edu.yu.cs.com3800.UDPMessageReceiver run
SEVERE: Exiting UDPMessageReceiver.run()
Dec 12, 2023 4:01:40 PM edu.yu.cs.com3800.UDPMessageReceiver run
SEVERE: Exiting UDPMessageReceiver.run()
Dec 12, 2023 4:01:40 PM edu.yu.cs.com3800.UDPMessageReceiver run
SEVERE: Exiting UDPMessageReceiver.run()
Dec 12, 2023 4:01:40 PM edu.yu.cs.com3800.UDPMessageReceiver run
SEVERE: Exiting UDPMessageReceiver.run()
Dec 12, 2023 4:01:40 PM edu.yu.cs.com3800.UDPMessageReceiver run
SEVERE: Exiting UDPMessageReceiver.run()
Dec 12, 2023 4:01:40 PM edu.yu.cs.com3800.UDPMessageReceiver run
SEVERE: Exiting UDPMessageReceiver.run()
Dec 12, 2023 4:01:40 PM edu.yu.cs.com3800.UDPMessageReceiver run
SEVERE: Exiting UDPMessageReceiver.run()
